11:02:40 PM: Resource file C:\GOG Games\EI modding\res\aiinfo.res loaded.
11:02:40 PM: Resource file C:\GOG Games\EI modding\res\database.res loaded.
11:02:40 PM: Resource file C:\GOG Games\EI modding\res\databaselmp.res loaded.
11:02:40 PM: Resource file C:\GOG Games\EI modding\res\figures.res loaded.
11:02:40 PM: Resource file C:\GOG Games\EI modding\res\gfx.res loaded.
11:02:40 PM: Resource file C:\GOG Games\EI modding\res\materials.res loaded.
11:02:40 PM: Resource file C:\GOG Games\EI modding\res\menus.res loaded.
11:02:40 PM: Resource file C:\GOG Games\EI modding\res\outro.res loaded.
11:02:40 PM: Resource file C:\GOG Games\EI modding\res\redress.res loaded.
11:02:40 PM: Resource file C:\GOG Games\EI modding\res\sfx.res loaded.
11:02:40 PM: Resource file C:\GOG Games\EI modding\res\speech.res loaded.
11:02:40 PM: Resource file C:\GOG Games\EI modding\res\texts.res loaded.
11:02:40 PM: Resource file C:\GOG Games\EI modding\res\textslmp.res loaded.
11:02:40 PM: Resource file C:\GOG Games\EI modding\res\textures.res loaded.
11:02:40 PM: Trying to load texture default0.mmp to the 1 index
11:02:40 PM: Program Run
11:02:42 PM: Resource file C:\GOG Games\EI modding\res\aiinfo.res unloaded.
11:02:42 PM: Resource file C:\GOG Games\EI modding\res\database.res unloaded.
11:02:42 PM: Resource file C:\GOG Games\EI modding\res\databaselmp.res unloaded.
11:02:42 PM: Resource file C:\GOG Games\EI modding\res\figures.res unloaded.
11:02:42 PM: Resource file C:\GOG Games\EI modding\res\gfx.res unloaded.
11:02:42 PM: Resource file C:\GOG Games\EI modding\res\materials.res unloaded.
11:02:42 PM: Resource file C:\GOG Games\EI modding\res\menus.res unloaded.
11:02:42 PM: Resource file C:\GOG Games\EI modding\res\outro.res unloaded.
11:02:42 PM: Resource file C:\GOG Games\EI modding\res\redress.res unloaded.
11:02:42 PM: Resource file C:\GOG Games\EI modding\res\sfx.res unloaded.
11:02:42 PM: Resource file C:\GOG Games\EI modding\res\speech.res unloaded.
11:02:42 PM: Resource file C:\GOG Games\EI modding\res\texts.res unloaded.
11:02:42 PM: Resource file C:\GOG Games\EI modding\res\textslmp.res unloaded.
11:02:42 PM: Resource file C:\GOG Games\EI modding\res\textures.res unloaded.
12:21:05 AM: Resource file C:\GOG Games\EI modding\res\aiinfo.res loaded.
12:21:05 AM: Resource file C:\GOG Games\EI modding\res\database.res loaded.
12:21:05 AM: Resource file C:\GOG Games\EI modding\res\databaselmp.res loaded.
12:21:05 AM: Resource file C:\GOG Games\EI modding\res\figures.res loaded.
12:21:05 AM: Resource file C:\GOG Games\EI modding\res\gfx.res loaded.
12:21:05 AM: Resource file C:\GOG Games\EI modding\res\materials.res loaded.
12:21:05 AM: Resource file C:\GOG Games\EI modding\res\menus.res loaded.
12:21:05 AM: Resource file C:\GOG Games\EI modding\res\outro.res loaded.
12:21:05 AM: Resource file C:\GOG Games\EI modding\res\redress.res loaded.
12:21:05 AM: Resource file C:\GOG Games\EI modding\res\sfx.res loaded.
12:21:05 AM: Resource file C:\GOG Games\EI modding\res\speech.res loaded.
12:21:05 AM: Resource file C:\GOG Games\EI modding\res\texts.res loaded.
12:21:05 AM: Resource file C:\GOG Games\EI modding\res\textslmp.res loaded.
12:21:05 AM: Resource file C:\GOG Games\EI modding\res\textures.res loaded.
12:21:05 AM: Trying to load texture default0.mmp to the 1 index
12:21:05 AM: Program Run
12:21:12 AM: Trying to load texture astral.mmp to the 2 index
12:21:31 AM: Trying to load texture cursor_scroll_dmur.mmp to the 3 index
12:21:41 AM: Loading model infaunhufefa4, complexity: (1.0,1.0,1.0)
12:21:41 AM: Loaded model infaunhufefa4 to index 0
12:21:47 AM: Trying to load texture deadscientist00.mmp to the 4 index
12:22:01 AM: Trying to load texture dgunbird02.mmp to the 5 index
12:22:08 AM: Trying to unload model 0
12:22:08 AM: Unloaded model
12:22:08 AM: Resource file C:\GOG Games\EI modding\res\aiinfo.res unloaded.
12:22:08 AM: Resource file C:\GOG Games\EI modding\res\database.res unloaded.
12:22:08 AM: Resource file C:\GOG Games\EI modding\res\databaselmp.res unloaded.
12:22:08 AM: Resource file C:\GOG Games\EI modding\res\figures.res unloaded.
12:22:08 AM: Resource file C:\GOG Games\EI modding\res\gfx.res unloaded.
12:22:08 AM: Resource file C:\GOG Games\EI modding\res\materials.res unloaded.
12:22:08 AM: Resource file C:\GOG Games\EI modding\res\menus.res unloaded.
12:22:08 AM: Resource file C:\GOG Games\EI modding\res\outro.res unloaded.
12:22:08 AM: Resource file C:\GOG Games\EI modding\res\redress.res unloaded.
12:22:08 AM: Resource file C:\GOG Games\EI modding\res\sfx.res unloaded.
12:22:08 AM: Resource file C:\GOG Games\EI modding\res\speech.res unloaded.
12:22:08 AM: Resource file C:\GOG Games\EI modding\res\texts.res unloaded.
12:22:08 AM: Resource file C:\GOG Games\EI modding\res\textslmp.res unloaded.
12:22:08 AM: Resource file C:\GOG Games\EI modding\res\textures.res unloaded.
10:08:08 PM: Resource file C:\GOG Games\EI modding\res\aiinfo.res loaded.
10:08:08 PM: Resource file C:\GOG Games\EI modding\res\database.res loaded.
10:08:08 PM: Resource file C:\GOG Games\EI modding\res\databaselmp.res loaded.
10:08:08 PM: Resource file C:\GOG Games\EI modding\res\figures.res loaded.
10:08:08 PM: Resource file C:\GOG Games\EI modding\res\gfx.res loaded.
10:08:08 PM: Resource file C:\GOG Games\EI modding\res\materials.res loaded.
10:08:08 PM: Resource file C:\GOG Games\EI modding\res\menus.res loaded.
10:08:08 PM: Resource file C:\GOG Games\EI modding\res\outro.res loaded.
10:08:08 PM: Resource file C:\GOG Games\EI modding\res\redress.res loaded.
10:08:08 PM: Resource file C:\GOG Games\EI modding\res\sfx.res loaded.
10:08:08 PM: Resource file C:\GOG Games\EI modding\res\speech.res loaded.
10:08:08 PM: Resource file C:\GOG Games\EI modding\res\texts.res loaded.
10:08:08 PM: Resource file C:\GOG Games\EI modding\res\textslmp.res loaded.
10:08:08 PM: Resource file C:\GOG Games\EI modding\res\textures.res loaded.
10:08:08 PM: Trying to load texture default0.mmp to the 1 index
10:08:08 PM: Program Run
10:08:19 PM: Resource file C:\GOG Games\EI modding\res\aiinfo.res unloaded.
10:08:19 PM: Resource file C:\GOG Games\EI modding\res\database.res unloaded.
10:08:19 PM: Resource file C:\GOG Games\EI modding\res\databaselmp.res unloaded.
10:08:19 PM: Resource file C:\GOG Games\EI modding\res\figures.res unloaded.
10:08:19 PM: Resource file C:\GOG Games\EI modding\res\gfx.res unloaded.
10:08:19 PM: Resource file C:\GOG Games\EI modding\res\materials.res unloaded.
10:08:19 PM: Resource file C:\GOG Games\EI modding\res\menus.res unloaded.
10:08:19 PM: Resource file C:\GOG Games\EI modding\res\outro.res unloaded.
10:08:19 PM: Resource file C:\GOG Games\EI modding\res\redress.res unloaded.
10:08:19 PM: Resource file C:\GOG Games\EI modding\res\sfx.res unloaded.
10:08:19 PM: Resource file C:\GOG Games\EI modding\res\speech.res unloaded.
10:08:19 PM: Resource file C:\GOG Games\EI modding\res\texts.res unloaded.
10:08:19 PM: Resource file C:\GOG Games\EI modding\res\textslmp.res unloaded.
10:08:19 PM: Resource file C:\GOG Games\EI modding\res\textures.res unloaded.
10:57:22 PM: Trying to load texture default0.mmp to the 1 index
10:57:53 PM: Resource file D:\GOG Games\EI modding\res\aiinfo.res loaded.
10:57:53 PM: Resource file D:\GOG Games\EI modding\res\database.res loaded.
10:57:53 PM: Resource file D:\GOG Games\EI modding\res\databaselmp.res loaded.
10:57:53 PM: Resource file D:\GOG Games\EI modding\res\figures.res loaded.
10:57:53 PM: Resource file D:\GOG Games\EI modding\res\gfx.res loaded.
10:57:53 PM: Resource file D:\GOG Games\EI modding\res\materials.res loaded.
10:57:53 PM: Resource file D:\GOG Games\EI modding\res\menus.res loaded.
10:57:53 PM: Resource file D:\GOG Games\EI modding\res\outro.res loaded.
10:57:53 PM: Resource file D:\GOG Games\EI modding\res\redress.res loaded.
10:57:53 PM: Resource file D:\GOG Games\EI modding\res\sfx.res loaded.
10:57:53 PM: Resource file D:\GOG Games\EI modding\res\speech.res loaded.
10:57:53 PM: Resource file D:\GOG Games\EI modding\res\texts.res loaded.
10:57:53 PM: Resource file D:\GOG Games\EI modding\res\textslmp.res loaded.
10:57:53 PM: Resource file D:\GOG Games\EI modding\res\textures.res loaded.
10:57:53 PM: Trying to load texture default0.mmp to the 1 index
10:57:53 PM: Program Run
10:57:55 PM: Resource file D:\GOG Games\EI modding\res\aiinfo.res unloaded.
10:57:55 PM: Resource file D:\GOG Games\EI modding\res\database.res unloaded.
10:57:55 PM: Resource file D:\GOG Games\EI modding\res\databaselmp.res unloaded.
10:57:55 PM: Resource file D:\GOG Games\EI modding\res\figures.res unloaded.
10:57:55 PM: Resource file D:\GOG Games\EI modding\res\gfx.res unloaded.
10:57:55 PM: Resource file D:\GOG Games\EI modding\res\materials.res unloaded.
10:57:55 PM: Resource file D:\GOG Games\EI modding\res\menus.res unloaded.
10:57:55 PM: Resource file D:\GOG Games\EI modding\res\outro.res unloaded.
10:57:55 PM: Resource file D:\GOG Games\EI modding\res\redress.res unloaded.
10:57:55 PM: Resource file D:\GOG Games\EI modding\res\sfx.res unloaded.
10:57:55 PM: Resource file D:\GOG Games\EI modding\res\speech.res unloaded.
10:57:55 PM: Resource file D:\GOG Games\EI modding\res\texts.res unloaded.
10:57:55 PM: Resource file D:\GOG Games\EI modding\res\textslmp.res unloaded.
10:57:55 PM: Resource file D:\GOG Games\EI modding\res\textures.res unloaded.
10:58:33 PM: Resource file D:\GOG Games\EI modding\res\aiinfo.res loaded.
10:58:33 PM: Resource file D:\GOG Games\EI modding\res\database.res loaded.
10:58:33 PM: Resource file D:\GOG Games\EI modding\res\databaselmp.res loaded.
10:58:33 PM: Resource file D:\GOG Games\EI modding\res\figures.res loaded.
10:58:33 PM: Resource file D:\GOG Games\EI modding\res\gfx.res loaded.
10:58:33 PM: Resource file D:\GOG Games\EI modding\res\materials.res loaded.
10:58:33 PM: Resource file D:\GOG Games\EI modding\res\menus.res loaded.
10:58:33 PM: Resource file D:\GOG Games\EI modding\res\outro.res loaded.
10:58:33 PM: Resource file D:\GOG Games\EI modding\res\redress.res loaded.
10:58:33 PM: Resource file D:\GOG Games\EI modding\res\sfx.res loaded.
10:58:33 PM: Resource file D:\GOG Games\EI modding\res\speech.res loaded.
10:58:33 PM: Resource file D:\GOG Games\EI modding\res\texts.res loaded.
10:58:33 PM: Resource file D:\GOG Games\EI modding\res\textslmp.res loaded.
10:58:33 PM: Resource file D:\GOG Games\EI modding\res\textures.res loaded.
10:58:33 PM: Trying to load texture default0.mmp to the 1 index
10:58:33 PM: Program Run
10:58:49 PM: Trying to load texture armytent01.mmp to the 2 index
11:03:43 PM: Trying to load texture unhufebt_06.lt.0.mmp to the 3 index
11:03:47 PM: Trying to load texture unhufebt_07.bl.0.mmp to the 4 index
11:03:56 PM: Loading model co1, complexity: (1.0,1.0,1.0)
11:03:56 PM: Loaded model co1 to index 0
11:04:01 PM: Trying to unload model 0
11:04:01 PM: Unloaded model
11:04:01 PM: Loading model efar1, complexity: (1.0,1.0,1.0)
11:04:01 PM: Loaded model efar1 to index 1
11:04:04 PM: Trying to unload model 1
11:04:04 PM: Unloaded model
11:04:04 PM: Loading model infaunanwide, complexity: (1.0,1.0,1.0)
11:04:04 PM: Loaded model infaunanwide to index 2
11:04:17 PM: Trying to unload model 2
11:04:17 PM: Unloaded model
11:04:17 PM: Loading model stga1, complexity: (1.0,1.0,1.0)
11:04:17 PM: Loaded model stga1 to index 3
11:04:29 PM: Trying to load texture altar00.mmp to the 5 index
11:04:40 PM: Trying to unload model 3
11:04:40 PM: Unloaded model
11:04:40 PM: Loading model unmosk, complexity: (1.0,1.0,1.0)
11:04:40 PM: Loaded model unmosk to index 4
11:04:52 PM: Trying to load texture ax_01.0.mmp to the 6 index
11:04:57 PM: Trying to load texture ax_03.0.mmp to the 7 index
11:05:08 PM: Trying to load texture altar00.mmp to the 8 index
11:05:17 PM: Trying to load texture basegipat000.mmp to the 9 index
11:05:21 PM: Trying to load texture bigshop01.mmp to the 10 index
11:05:46 PM: Trying to load texture boar00.mmp to the 11 index
11:06:04 PM: Trying to load texture boar01.mmp to the 12 index
11:06:13 PM: Trying to load texture bag00.mmp to the 13 index
11:06:25 PM: Trying to load texture banshee.mmp to the 14 index
11:06:40 PM: Trying to unload model 4
11:06:40 PM: Unloaded model
11:06:40 PM: Loading model unmosp, complexity: (1.0,1.0,1.0)
11:06:40 PM: Loaded model unmosp to index 5
11:07:10 PM: Trying to load texture bag.mmp to the 15 index
11:07:14 PM: Trying to unload model 5
11:07:14 PM: Unloaded model
11:07:14 PM: Loading model unanwide, complexity: (1.0,1.0,1.0)
11:07:14 PM: Loaded model unanwide to index 6
11:07:21 PM: Trying to load texture basegipat000.mmp to the 16 index
11:07:25 PM: Trying to load texture basegipat002.mmp to the 17 index
11:08:18 PM: Trying to load texture banshee.mmp to the 18 index
11:08:23 PM: Trying to load texture bigmachine00.mmp to the 19 index
11:09:23 PM: Trying to load texture bt_13.0.mmp to the 20 index
11:09:26 PM: Trying to load texture bz10k000.mmp to the 21 index
11:09:35 PM: Trying to load texture bz8k000.mmp to the 22 index
11:09:38 PM: Trying to load texture camp3.mmp to the 23 index
11:09:42 PM: Trying to load texture cave01.mmp to the 24 index
11:10:00 PM: Trying to load texture acidray.mmp to the 25 index
11:10:06 PM: Trying to load texture banshee.mmp to the 26 index
11:10:25 PM: Trying to unload model 6
11:10:25 PM: Unloaded model
11:10:25 PM: Resource file D:\GOG Games\EI modding\res\aiinfo.res unloaded.
11:10:25 PM: Resource file D:\GOG Games\EI modding\res\database.res unloaded.
11:10:25 PM: Resource file D:\GOG Games\EI modding\res\databaselmp.res unloaded.
11:10:25 PM: Resource file D:\GOG Games\EI modding\res\figures.res unloaded.
11:10:25 PM: Resource file D:\GOG Games\EI modding\res\gfx.res unloaded.
11:10:25 PM: Resource file D:\GOG Games\EI modding\res\materials.res unloaded.
11:10:25 PM: Resource file D:\GOG Games\EI modding\res\menus.res unloaded.
11:10:25 PM: Resource file D:\GOG Games\EI modding\res\outro.res unloaded.
11:10:25 PM: Resource file D:\GOG Games\EI modding\res\redress.res unloaded.
11:10:25 PM: Resource file D:\GOG Games\EI modding\res\sfx.res unloaded.
11:10:25 PM: Resource file D:\GOG Games\EI modding\res\speech.res unloaded.
11:10:25 PM: Resource file D:\GOG Games\EI modding\res\texts.res unloaded.
11:10:25 PM: Resource file D:\GOG Games\EI modding\res\textslmp.res unloaded.
11:10:25 PM: Resource file D:\GOG Games\EI modding\res\textures.res unloaded.
8:36:45 PM: Resource file D:\GOG Games\EI modding\res\aiinfo.res loaded.
8:36:45 PM: Resource file D:\GOG Games\EI modding\res\database.res loaded.
8:36:45 PM: Resource file D:\GOG Games\EI modding\res\databaselmp.res loaded.
8:36:45 PM: Resource file D:\GOG Games\EI modding\res\figures.res loaded.
8:36:45 PM: Resource file D:\GOG Games\EI modding\res\gfx.res loaded.
8:36:45 PM: Resource file D:\GOG Games\EI modding\res\materials.res loaded.
8:36:45 PM: Resource file D:\GOG Games\EI modding\res\menus.res loaded.
8:36:45 PM: Resource file D:\GOG Games\EI modding\res\outro.res loaded.
8:36:45 PM: Resource file D:\GOG Games\EI modding\res\redress.res loaded.
8:36:45 PM: Resource file D:\GOG Games\EI modding\res\sfx.res loaded.
8:36:45 PM: Resource file D:\GOG Games\EI modding\res\speech.res loaded.
8:36:45 PM: Resource file D:\GOG Games\EI modding\res\texts.res loaded.
8:36:45 PM: Resource file D:\GOG Games\EI modding\res\textslmp.res loaded.
8:36:45 PM: Resource file D:\GOG Games\EI modding\res\textures.res loaded.
8:36:45 PM: Trying to load texture default0.mmp to the 1 index
8:36:45 PM: Program Run
8:36:49 PM: Resource file D:\GOG Games\EI modding\res\aiinfo.res unloaded.
8:36:49 PM: Resource file D:\GOG Games\EI modding\res\database.res unloaded.
8:36:49 PM: Resource file D:\GOG Games\EI modding\res\databaselmp.res unloaded.
8:36:49 PM: Resource file D:\GOG Games\EI modding\res\figures.res unloaded.
8:36:49 PM: Resource file D:\GOG Games\EI modding\res\gfx.res unloaded.
8:36:49 PM: Resource file D:\GOG Games\EI modding\res\materials.res unloaded.
8:36:49 PM: Resource file D:\GOG Games\EI modding\res\menus.res unloaded.
8:36:49 PM: Resource file D:\GOG Games\EI modding\res\outro.res unloaded.
8:36:49 PM: Resource file D:\GOG Games\EI modding\res\redress.res unloaded.
8:36:49 PM: Resource file D:\GOG Games\EI modding\res\sfx.res unloaded.
8:36:49 PM: Resource file D:\GOG Games\EI modding\res\speech.res unloaded.
8:36:49 PM: Resource file D:\GOG Games\EI modding\res\texts.res unloaded.
8:36:49 PM: Resource file D:\GOG Games\EI modding\res\textslmp.res unloaded.
8:36:49 PM: Resource file D:\GOG Games\EI modding\res\textures.res unloaded.
15:41:33: Trying to load texture default0.mmp to the 1 index
