17:25:58(Basic): Version: 1.4.3.682
17:25:58(Basic): D3D created. Adapter name: NVIDIA GeForce GTX 1660 SUPER. Driver: nvldumd.dll
17:25:58(Basic): D3DDevice created
17:25:58(Basic): D3DFont created
17:25:58(Basic): D3D8 Caps 1:1 2:0 3:131072 4:537526272 5:1056 6:2147483663 7:0 8:1818352 9:3826 10:15954321 11:255 12:8191 13:8191 14:255 15:541192 16:126149 17:50530048 18:50529024 19:50529024 20:63 21:63 22:31 23:16384 24:16384 25:2048 26:8192 27:16384 28:16 29:255 30:1572872 31:67043327 32:8 33:8 34:123 35:10 36:8 37:4 38:8 39:16777215 40:16777215 41:16 42:255 43:4294836481 44:96 45:4294902020
17:25:58(Basic): Resource file C:\Program Files (x86)\Evil Islands\res\aiinfo.res loaded.
17:25:58(Basic): Resource file C:\Program Files (x86)\Evil Islands\res\database.res loaded.
17:25:58(Basic): Resource file C:\Program Files (x86)\Evil Islands\res\databaselmp.res loaded.
17:25:58(Basic): Resource file C:\Program Files (x86)\Evil Islands\res\figures.res loaded.
17:25:58(Basic): Resource file C:\Program Files (x86)\Evil Islands\res\gfx.res loaded.
17:25:58(Basic): Resource file C:\Program Files (x86)\Evil Islands\res\materials.res loaded.
17:25:58(Basic): Resource file C:\Program Files (x86)\Evil Islands\res\menus.res loaded.
17:25:58(Basic): Resource file C:\Program Files (x86)\Evil Islands\res\outro.res loaded.
17:25:58(Basic): Resource file C:\Program Files (x86)\Evil Islands\res\redress.res loaded.
17:25:58(Basic): Resource file C:\Program Files (x86)\Evil Islands\res\sfx.res loaded.
17:25:58(Basic): Resource file C:\Program Files (x86)\Evil Islands\res\speech.res loaded.
17:25:58(Basic): Resource file C:\Program Files (x86)\Evil Islands\res\texts.res loaded.
17:25:58(Basic): Resource file C:\Program Files (x86)\Evil Islands\res\textslmp.res loaded.
17:25:58(Basic): Resource file C:\Program Files (x86)\Evil Islands\res\textures.res loaded.
17:25:58(Basic): Loaded units database from databaselmp.res
17:25:58(Basic): Loaded items database from databaselmp.res
17:26:03(Basic): Tracked script IDs/Names: 927062,534153,481569,999742,732495,326331,196568,469697,183332,386717,686200,1000002436,812970,601927,143005
