17:56:11(Basic): Version: 1.4.3.682
17:56:11(Basic): D3D created. Adapter name: NVIDIA GeForce GTX 1660 SUPER. Driver: nvldumd.dll
17:56:11(Basic): D3DDevice created
17:56:11(Basic): D3DFont created
17:56:11(Basic): D3D8 Caps 1:1 2:0 3:131072 4:537526272 5:1056 6:2147483663 7:0 8:1818352 9:3826 10:15954321 11:255 12:8191 13:8191 14:255 15:541192 16:126149 17:50530048 18:50529024 19:50529024 20:63 21:63 22:31 23:16384 24:16384 25:2048 26:8192 27:16384 28:16 29:255 30:1572872 31:67043327 32:8 33:8 34:123 35:10 36:8 37:4 38:8 39:16777215 40:16777215 41:16 42:255 43:4294836481 44:96 45:4294902020
17:56:11(Basic): Resource file C:\Program Files (x86)\Evil Islands\res\aiinfo.res loaded.
17:56:11(Basic): Resource file C:\Program Files (x86)\Evil Islands\res\database.res loaded.
17:56:11(Basic): Resource file C:\Program Files (x86)\Evil Islands\res\databaselmp.res loaded.
17:56:11(Basic): Resource file C:\Program Files (x86)\Evil Islands\res\figures.res loaded.
17:56:11(Basic): Resource file C:\Program Files (x86)\Evil Islands\res\gfx.res loaded.
17:56:11(Basic): Resource file C:\Program Files (x86)\Evil Islands\res\materials.res loaded.
17:56:11(Basic): Resource file C:\Program Files (x86)\Evil Islands\res\menus.res loaded.
17:56:11(Basic): Resource file C:\Program Files (x86)\Evil Islands\res\outro.res loaded.
17:56:11(Basic): Resource file C:\Program Files (x86)\Evil Islands\res\redress.res loaded.
17:56:11(Basic): Resource file C:\Program Files (x86)\Evil Islands\res\sfx.res loaded.
17:56:11(Basic): Resource file C:\Program Files (x86)\Evil Islands\res\speech.res loaded.
17:56:11(Basic): Resource file C:\Program Files (x86)\Evil Islands\res\texts.res loaded.
17:56:11(Basic): Resource file C:\Program Files (x86)\Evil Islands\res\textslmp.res loaded.
17:56:11(Basic): Resource file C:\Program Files (x86)\Evil Islands\res\textures.res loaded.
17:56:11(Basic): Loaded units database from databaselmp.res
17:56:11(Basic): Loaded items database from databaselmp.res
17:56:19(Basic): Tracked script IDs/Names: Merc1,Merc3,4515,4587,4634,4636,4741,4742,4744,4745,4746,4747,3323,3324,3325,3326,3327,3335,3341,3382,3470,3472,4369,4383,4382,4385,4384,4386,4387,4388,4371,4377,4378,4379,4380,4381,3363,3364,3378,3379,4474,4475,4476,4477,4478,4479,4480,4481,4482,4484,4485,4487,4488,3372,3373,3370,3371,3328,3329,4499,4364,4365,4366,4367,4368,4500,4614,4615,4505,4394,4395,4398,4393,4392,4399,4370,4390,4391,4469,4470,4471,4472,4473,4688,4684,4682,4680,4566,4569,4570,4571,4575,4565,4689,4685,4683,4681,4567,4568,4573,4574,3366,3367,3368,3377,3375,3376,3353,3354,3355,3358,3359,3356,3357,3360,3361,3362,4501,4502,4506,4508,4612,4613
17:57:19(Basic): Tracked script IDs/Names: Merc1,Merc3,4515,4587,4634,4636,4741,4742,4744,4745,4746,4747,3323,3324,3325,3326,3327,3335,3341,3382,3470,3472,4369,4383,4382,4385,4384,4386,4387,4388,4371,4377,4378,4379,4380,4381,3363,3364,3378,3379,4474,4475,4476,4477,4478,4479,4480,4481,4482,4484,4485,4487,4488,3372,3373,3370,3371,3328,3329,4499,4364,4365,4366,4367,4368,4500,4614,4615,4505,4394,4395,4398,4393,4392,4399,4370,4390,4391,4469,4470,4471,4472,4473,4688,4684,4682,4680,4566,4569,4570,4571,4575,4565,4689,4685,4683,4681,4567,4568,4573,4574,3366,3367,3368,3377,3375,3376,3353,3354,3355,3358,3359,3356,3357,3360,3361,3362,4501,4502,4506,4508,4612,4613,1281,1321,1322,1323,1324,1325,1326,1327,1328,1329,1330,1334,1335,1336,1337,653
17:57:32(Basic): Tracked script IDs/Names: 4515,4587,4634,4636,4741,4742,4744,4745,4746,4747,3323,3324,3325,3326,3327,3335,3341,3382,3470,3472,4369,4383,4382,4385,4384,4386,4387,4388,4371,4377,4378,4379,4380,4381,3363,3364,3378,3379,4474,4475,4476,4477,4478,4479,4480,4481,4482,4484,4485,4487,4488,3372,3373,3370,3371,3328,3329,4499,4364,4365,4366,4367,4368,4500,4614,4615,4505,4394,4395,4398,4393,4392,4399,4370,4390,4391,4469,4470,4471,4472,4473,4688,4684,4682,4680,4566,4569,4570,4571,4575,4565,4689,4685,4683,4681,4567,4568,4573,4574,3366,3367,3368,3377,3375,3376,3353,3354,3355,3358,3359,3356,3357,3360,3361,3362,4501,4502,4506,4508,4612,4613,Merc1,Merc3,1691,1703,1916,1918,1925,1926,533093,533094,999448,107,113,108,109,105,112,101,103,104,102,106,111,285,286,287,288,289,269,270,284,290,271,272,282,291,273,274,283,277,292,280,281,335,336,337,338,339,324,325,334,340,326,327,332,341,328,329,333,330,342,331,375,376,380,377,378,379,382,383,381,384,374,97,99,91,100,85,86,87,90,88,89,95,96,81,82,83,84,92,93,94,50,51,52,53,44,54,55,56,57,38,39,40,41,60,42,43,49,32,31,34,37,33,36,35,45,46,47,48,58,59,222,223,225,229,230,234,235,237,238,239,240,242,246,247,252,220,221,227,232,248,249,217,218,224,231,233,236,250,219,253,243,244,228,245,226,251,267,268,258,259,264,257,256,265,254,255,262,263,260,261,266,316,317,318,319,320,305,306,315,321,307,308,313,322,309,310,314,311,312,387,388,392,385,386,389,393,390,391,394,396,397,395,398,473,470,484,482,489,490,480,479,469,467,483,478,471,475,474,481,466,472,486,487,468,476,485,497,494,509,507,516,517,505,504,493,492,508,502,503,495,500,499,514,506,513,491,496,498,515,511,512,501,510,519,520,524,521,522,523,526,525,528,518,539,540,542,546,547,551,552,554,555,556,560,561,537,538,544,549,562,563,536,541,548,550,553,557,558,545,559,543,1692,1693,1694,1695,1696,1697,1698
